 Linux 3.13.0-76-generic (object1)  03/15/2016  _x86_64_    (4 CPU)
 
 03/15/2016 08:54:35 PM
 avg-cpu:  %user   %nice %system %iowait  %steal   %idle
            4.63    0.00    1.30    0.19    0.00   93.88
 
 Device:         rrqm/s   wrqm/s     r/s     w/s    rMB/s    wMB/s avgrq-sz avgqu-sz   await r_await w_await  svctm  %util
 sda               0.02     1.37    1.47    5.65     0.15     0.21   102.53     0.49   68.69   23.81   80.39   0.96   0.68
 
 03/15/2016 08:54:40 PM
 avg-cpu:  %user   %nice %system %iowait  %steal   %idle
            3.76    0.00    1.83    0.36    0.00   94.06
 
 Device:         rrqm/s   wrqm/s     r/s     w/s    rMB/s    wMB/s avgrq-sz avgqu-sz   await r_await w_await  svctm  %util
 sda               0.00     2.20  144.60    0.40     1.03     0.01    14.70     0.08    0.58    0.58    0.00   0.37   5.36
 
 03/15/2016 08:54:45 PM
 avg-cpu:  %user   %nice %system %iowait  %steal   %idle
            5.13    0.00    2.54    0.36    0.00   91.97
 
 Device:         rrqm/s   wrqm/s     r/s     w/s    rMB/s    wMB/s avgrq-sz avgqu-sz   await r_await w_await  svctm  %util
 sda               0.00     4.80  122.40   19.40     0.97     0.27    17.96     0.34    2.39    0.52   14.19   0.37   5.28
 
 03/15/2016 08:54:50 PM
 avg-cpu:  %user   %nice %system %iowait  %steal   %idle
           24.82    0.00    4.72    0.41    0.00   70.05
 
 Device:         rrqm/s   wrqm/s     r/s     w/s    rMB/s    wMB/s avgrq-sz avgqu-sz   await r_await w_await  svctm  %util
 sda               0.00     8.80  160.60    1.00     1.55     0.04    20.08     0.11    0.68    0.69    0.00   0.39   6.24
 
